[2025-02-13 06:59:45.575209200 UTC]  method=GET uri=/employee/get_emps
[2025-02-13 06:59:45.715740900 UTC]  method=GET uri=/employee/get_emps
[2025-02-13 06:59:45.863644400 UTC]  method=GET uri=/employee/get_emps
[2025-02-13 06:59:46.007542400 UTC]  method=GET uri=/employee/get_emps
[2025-02-13 06:59:46.162500100 UTC]  method=GET uri=/employee/get_emps
[2025-02-13 06:59:46.328399 UTC]  method=GET uri=/employee/get_emps
[2025-02-13 06:59:46.483616600 UTC]  method=GET uri=/employee/get_emps
[2025-02-13 06:59:46.652169300 UTC]  method=GET uri=/employee/get_emps
[2025-02-13 06:59:46.825043600 UTC]  method=GET uri=/employee/get_emps
[2025-02-13 06:59:46.979765700 UTC]  method=GET uri=/employee/get_emps
[2025-02-13 06:59:47.135847400 UTC]  method=GET uri=/employee/get_emps
[2025-02-13 06:59:47.292826200 UTC]  method=GET uri=/employee/get_emps
[2025-02-13 06:59:47.462026800 UTC]  method=GET uri=/employee/get_emps
[2025-02-13 06:59:47.706997800 UTC]  method=GET uri=/employee/get_emps
[2025-02-13 07:05:29.629819800 UTC]  method=GET uri=/abc
[2025-02-13 07:23:44.287359600 UTC]  method=POST uri=/employee/create_emp
[2025-02-13 07:29:54.441378700 UTC]  method=GET uri=/abc
[2025-02-13 07:30:09.736618 UTC]  method=GET uri=/employee/get_emps
[2025-02-13 07:37:31.701466500 UTC]  method=GET uri=/employee/get_emp/
[2025-02-13 07:37:38.396729500 UTC]  method=GET uri=/employee/get_emp/4
[2025-02-13 07:37:45.216626800 UTC]  method=GET uri=/employee/get_emp/1
[2025-02-13 08:24:02.536726700 UTC]  method=GET uri=/user/login
[2025-02-13 08:24:06.420918700 UTC]  method=GET uri=/user/login
[2025-02-13 08:24:18.803046300 UTC]  method=GET uri=/user/login
